
=== Fri Oct 28 20:39:17 2022

Packages were changed.
Update Mode: updateDependencies

The following packages were added:
  com.unity.2d.sprite@1.0.0
  com.unity.2d.tilemap@1.0.0
  com.unity.ide.rider@1.2.1
  com.unity.ide.visualstudio@2.0.15
  com.unity.ide.vscode@1.2.5
  com.unity.modules.androidjni@1.0.0
  com.unity.test-framework@1.1.31
  com.unity.ugui@1.0.0
The following packages were updated:
  com.unity.2d.pixel-perfect from version 1.0.1-preview to 2.1.0
  com.unity.ads from version 2.0.8 to 3.7.5
  com.unity.analytics from version 3.3.2 to 3.6.12
  com.unity.collab-proxy from version 1.2.16 to 1.14.18
  com.unity.postprocessing from version 2.1.6 to 2.2.2
  com.unity.purchasing from version 2.0.6 to 4.1.5
  com.unity.textmeshpro from version 2.0.0 to 2.1.4
  com.unity.timeline from version 1.0.0 to 1.2.18
The following packages were removed:
  com.unity.package-manager-ui@2.1.2
